          19 T  0.9639977    
  -7.519818               7 0
     0.0000     0.1548     0.2548     0.3547     0.4542     0.5532     0.6513
     0.9138     0.9149     0.9177     0.9228     0.9317     0.9458     0.9652
  -6.519845              12 0
     0.0000     0.1005     0.2005     0.3004     0.4002     0.4995     0.5982     0.6957
     0.7914     0.8841     0.9723     1.0537
     0.7312     0.7316     0.7335     0.7374     0.7442     0.7554     0.7720     0.7941
     0.8228     0.8603     0.9073     0.9652
  -5.519858              14 0
     0.0000     0.1687     0.2687     0.3685     0.4681     0.5670     0.6650     0.7616
     0.8560     0.9472     1.0345     1.1160     1.1885     1.2524
     0.5593     0.5606     0.5639     0.5697     0.5791     0.5935     0.6134     0.6393
     0.6722     0.7132     0.7618     0.8197     0.8884     0.9652
  -4.519868              16 0
     0.0000     0.1864     0.2863     0.3861     0.4856     0.5844     0.6824     0.7790
     0.8734     0.9649     1.0527     1.1364     1.2131     1.2811     1.3412     1.3941
     0.4046     0.4064     0.4102     0.4168     0.4269     0.4417     0.4619     0.4877
     0.5204     0.5608     0.6085     0.6632     0.7273     0.8005     0.8804     0.9652
  -3.519875              18 0
     0.0000     0.1628     0.2627     0.3625     0.4621     0.5611     0.6594     0.7566
     0.8522     0.9452     1.0347     1.1205     1.2018     1.2760     1.3420     1.4007
     1.4527     1.4987
     0.2716     0.2732     0.2769     0.2832     0.2927     0.3063     0.3247     0.3483
     0.3776     0.4141     0.4586     0.5100     0.5682     0.6351     0.7101     0.7910
     0.8764     0.9652
  -2.519880              19 0
     0.0000     0.1961     0.2960     0.3957     0.4950     0.5938     0.6917     0.7886
     0.8838     0.9764     1.0653     1.1502     1.2307     1.3047     1.3710     1.4303
     1.4831     1.5301     1.5718
     0.1653     0.1680     0.1730     0.1809     0.1922     0.2077     0.2279     0.2529
     0.2832     0.3209     0.3666     0.4194     0.4787     0.5459     0.6207     0.7012
     0.7861     0.8743     0.9652
  -1.519883              20 0
     0.0000     0.1847     0.2845     0.3842     0.4835     0.5822     0.6802     0.7770
     0.8724     0.9656     1.0552     1.1406     1.2218     1.2975     1.3661     1.4278
     1.4831     1.5326     1.5767     1.6157
     0.0868     0.0896     0.0949     0.1032     0.1150     0.1308     0.1510     0.1759
     0.2057     0.2420     0.2864     0.3383     0.3966     0.4619     0.5346     0.6133
     0.6966     0.7834     0.8731     0.9652
 -0.5198837              21 0
     0.0000     0.1311     0.2310     0.3307     0.4301     0.5290     0.6272     0.7244
     0.8203     0.9146     1.0059     1.0931     1.1760     1.2544     1.3270     1.3926
     1.4518     1.5050     1.5527     1.5952     1.6325
     0.0341     0.0359     0.0404     0.0478     0.0585     0.0732     0.0922     0.1157
     0.1439     0.1773     0.2180     0.2668     0.3227     0.3847     0.4535     0.5288
     0.6094     0.6941     0.7820     0.8725     0.9652
  0.4801170              21 0
     0.0000     0.1375     0.2374     0.3370     0.4363     0.5349     0.6328     0.7295
     0.8248     0.9182     1.0083     1.0941     1.1755     1.2522     1.3231     1.3874
     1.4454     1.4976     1.5444     1.5861     1.6225
     0.0060     0.0083     0.0135     0.0220     0.0341     0.0504     0.0711     0.0966
     0.1268     0.1625     0.2057     0.2570     0.3151     0.3792     0.4496     0.5262
     0.6076     0.6929     0.7812     0.8721     0.9652
   1.480225              21 0
     0.0000     0.1006     0.2005     0.3001     0.3994     0.4981     0.5959     0.6925
     0.7876     0.8808     0.9708     1.0565     1.1373     1.2136     1.2843     1.3486
     1.4065     1.4587     1.5053     1.5468     1.5831
     0.0012     0.0027     0.0073     0.0154     0.0273     0.0435     0.0643     0.0901
     0.1209     0.1571     0.2006     0.2522     0.3109     0.3756     0.4463     0.5228
     0.6043     0.6896     0.7781     0.8690     0.9652
   2.480225              20 0
     0.0000     0.1007     0.2005     0.3001     0.3992     0.4975     0.5948     0.6907
     0.7847     0.8762     0.9638     1.0465     1.1242     1.1969     1.2637     1.3239
     1.3779     1.4261     1.4690     1.5067
     0.0200     0.0217     0.0269     0.0361     0.0495     0.0675     0.0906     0.1191
     0.1532     0.1934     0.2415     0.2976     0.3605     0.4292     0.5036     0.5834
     0.6675     0.7551     0.8455     0.9652
   3.480225              19 0
     0.0000     0.1007     0.2005     0.2999     0.3987     0.4966     0.5931     0.6878
     0.7800     0.8689     0.9529     1.0316     1.1048     1.1725     1.2337     1.2882
     1.3366     1.3794     1.4171
     0.0605     0.0625     0.0686     0.0792     0.0946     0.1152     0.1413     0.1735
     0.2120     0.2578     0.3119     0.3736     0.4416     0.5152     0.5943     0.6781
     0.7656     0.8559     0.9652
   4.480225              17 0
     0.0000     0.1008     0.2005     0.2996     0.3979     0.4950     0.5903     0.6831
     0.7725     0.8572     0.9362     1.0093     1.0766     1.1374     1.1912     1.2385
     1.2799
     0.1213     0.1237     0.1311     0.1439     0.1622     0.1862     0.2165     0.2538
     0.2985     0.3515     0.4128     0.4810     0.5549     0.6342     0.7185     0.8066
     0.9652
   5.480147              15 0
     0.0000     0.1991     0.2978     0.3953     0.4910     0.5843     0.6740     0.7589
     0.8376     0.9099     0.9759     1.0352     1.0871     1.1322     1.1711
     0.2032     0.2125     0.2283     0.2507     0.2795     0.3154     0.3594     0.4122
     0.4739     0.5429     0.6180     0.6984     0.7839     0.8731     0.9652
   6.480157              14 0
     0.0000     0.1023     0.2015     0.2993     0.3952     0.4886     0.5784     0.6629
     0.7405     0.8110     0.8745     0.9308     0.9794     1.0207
     0.2948     0.2990     0.3114     0.3320     0.3602     0.3959     0.4398     0.4932
     0.5562     0.6271     0.7043     0.7868     0.8742     0.9652
   7.480225              12 0
     0.0000     0.1008     0.1993     0.2956     0.3889     0.4785     0.5625     0.6389
     0.7072     0.7678     0.8205     0.8205
     0.4031     0.4087     0.4254     0.4524     0.4883     0.5326     0.5866     0.6511
     0.7241     0.8036     0.8885     0.9652
   8.480225              10 0
     0.0000     0.1006     0.1977     0.2908     0.3794     0.4622     0.5367     0.6023
     0.6595     0.6595
     0.5233     0.5315     0.5551     0.5914     0.6377     0.6937     0.7603     0.8357
     0.9176     0.9652
   9.480225               7 0
     0.0000     0.1000     0.1937     0.2806     0.3606     0.4322     0.4941
     0.6535     0.6664     0.7011     0.7504     0.8103     0.8800     0.9652
   10.48021               4 0
     0.0000     0.1347     0.2148     0.2862
     0.7963     0.8356     0.8953     0.9652