 No. of pressure points per section   0
 Section hydrodynamic data?         yes
 Transfer functions?                yes
 Significant amplitudes?             no

 Example Yacht 1 testfile March 2006                                             
 In the following input data x,y,z are directed forward, to port side, up

 Gravity acceleration             9.810
 Water density                    1.000
 z of still waterline             0.965
 z of water bottom               -0.100E+07
 z for water drift velocity     999.000
 Wave encounter angles           90.000
 Offset file name: geomet.out
 Number of sections                  19
 Symmetry?                          yes
 Reference draft                  0.964
 Section no.  1 at x=    -7.520
 y:     0.000     0.155     0.255     0.355     0.454     0.553     0.651
 z:     0.914     0.915     0.918     0.923     0.932     0.946     0.965
 Section no.  2 at x=    -6.520
 y:     0.000     0.101     0.200     0.300     0.400     0.500     0.598     0.696
 y:     0.791     0.884     0.972     1.054
 z:     0.731     0.732     0.734     0.737     0.744     0.755     0.772     0.794
 z:     0.823     0.860     0.907     0.965
 Section no.  3 at x=    -5.520
 y:     0.000     0.169     0.269     0.368     0.468     0.567     0.665     0.762
 y:     0.856     0.947     1.035     1.116     1.189     1.252
 z:     0.559     0.561     0.564     0.570     0.579     0.594     0.613     0.639
 z:     0.672     0.713     0.762     0.820     0.888     0.965
 Section no.  4 at x=    -4.520
 y:     0.000     0.186     0.286     0.386     0.486     0.584     0.682     0.779
 y:     0.873     0.965     1.053     1.136     1.213     1.281     1.341     1.394
 z:     0.405     0.406     0.410     0.417     0.427     0.442     0.462     0.488
 z:     0.520     0.561     0.609     0.663     0.727     0.800     0.880     0.965
 Section no.  5 at x=    -3.520
 y:     0.000     0.163     0.263     0.363     0.462     0.561     0.659     0.757
 y:     0.852     0.945     1.035     1.120     1.202     1.276     1.342     1.401
 y:     1.453     1.499
 z:     0.272     0.273     0.277     0.283     0.293     0.306     0.325     0.348
 z:     0.378     0.414     0.459     0.510     0.568     0.635     0.710     0.791
 z:     0.876     0.965
 Section no.  6 at x=    -2.520
 y:     0.000     0.196     0.296     0.396     0.495     0.594     0.692     0.789
 y:     0.884     0.976     1.065     1.150     1.231     1.305     1.371     1.430
 y:     1.483     1.530     1.572
 z:     0.165     0.168     0.173     0.181     0.192     0.208     0.228     0.253
 z:     0.283     0.321     0.367     0.419     0.479     0.546     0.621     0.701
 z:     0.786     0.874     0.965
 Section no.  7 at x=    -1.520
 y:     0.000     0.185     0.285     0.384     0.484     0.582     0.680     0.777
 y:     0.872     0.966     1.055     1.141     1.222     1.298     1.366     1.428
 y:     1.483     1.533     1.577     1.616
 z:     0.087     0.090     0.095     0.103     0.115     0.131     0.151     0.176
 z:     0.206     0.242     0.286     0.338     0.397     0.462     0.535     0.613
 z:     0.697     0.783     0.873     0.965
 Section no.  8 at x=    -0.520
 y:     0.000     0.131     0.231     0.331     0.430     0.529     0.627     0.724
 y:     0.820     0.915     1.006     1.093     1.176     1.254     1.327     1.393
 y:     1.452     1.505     1.553     1.595     1.633
 z:     0.034     0.036     0.040     0.048     0.058     0.073     0.092     0.116
 z:     0.144     0.177     0.218     0.267     0.323     0.385     0.454     0.529
 z:     0.609     0.694     0.782     0.873     0.965
 Section no.  9 at x=     0.480
 y:     0.000     0.138     0.237     0.337     0.436     0.535     0.633     0.729
 y:     0.825     0.918     1.008     1.094     1.176     1.252     1.323     1.387
 y:     1.445     1.498     1.544     1.586     1.622
 z:     0.006     0.008     0.014     0.022     0.034     0.050     0.071     0.097
 z:     0.127     0.162     0.206     0.257     0.315     0.379     0.450     0.526
 z:     0.608     0.693     0.781     0.872     0.965
 Section no. 10 at x=     1.480
 y:     0.000     0.101     0.200     0.300     0.399     0.498     0.596     0.692
 y:     0.788     0.881     0.971     1.056     1.137     1.214     1.284     1.349
 y:     1.406     1.459     1.505     1.547     1.583
 z:     0.001     0.003     0.007     0.015     0.027     0.043     0.064     0.090
 z:     0.121     0.157     0.201     0.252     0.311     0.376     0.446     0.523
 z:     0.604     0.690     0.778     0.869     0.965
 Section no. 11 at x=     2.480
 y:     0.000     0.101     0.200     0.300     0.399     0.498     0.595     0.691
 y:     0.785     0.876     0.964     1.046     1.124     1.197     1.264     1.324
 y:     1.378     1.426     1.469     1.507
 z:     0.020     0.022     0.027     0.036     0.049     0.068     0.091     0.119
 z:     0.153     0.193     0.242     0.298     0.361     0.429     0.504     0.583
 z:     0.668     0.755     0.845     0.965
 Section no. 12 at x=     3.480
 y:     0.000     0.101     0.200     0.300     0.399     0.497     0.593     0.688
 y:     0.780     0.869     0.953     1.032     1.105     1.173     1.234     1.288
 y:     1.337     1.379     1.417
 z:     0.060     0.063     0.069     0.079     0.095     0.115     0.141     0.174
 z:     0.212     0.258     0.312     0.374     0.442     0.515     0.594     0.678
 z:     0.766     0.856     0.965
 Section no. 13 at x=     4.480
 y:     0.000     0.101     0.200     0.300     0.398     0.495     0.590     0.683
 y:     0.772     0.857     0.936     1.009     1.077     1.137     1.191     1.238
 y:     1.280
 z:     0.121     0.124     0.131     0.144     0.162     0.186     0.216     0.254
 z:     0.299     0.352     0.413     0.481     0.555     0.634     0.719     0.807
 z:     0.965
 Section no. 14 at x=     5.480
 y:     0.000     0.199     0.298     0.395     0.491     0.584     0.674     0.759
 y:     0.838     0.910     0.976     1.035     1.087     1.132     1.171
 z:     0.203     0.213     0.228     0.251     0.280     0.315     0.359     0.412
 z:     0.474     0.543     0.618     0.698     0.784     0.873     0.965
 Section no. 15 at x=     6.480
 y:     0.000     0.102     0.201     0.299     0.395     0.489     0.578     0.663
 y:     0.740     0.811     0.874     0.931     0.979     1.021
 z:     0.295     0.299     0.311     0.332     0.360     0.396     0.440     0.493
 z:     0.556     0.627     0.704     0.787     0.874     0.965
 Section no. 16 at x=     7.480
 y:     0.000     0.101     0.199     0.296     0.389     0.479     0.563     0.639
 y:     0.707     0.768     0.821     0.821
 z:     0.403     0.409     0.425     0.452     0.488     0.533     0.587     0.651
 z:     0.724     0.804     0.888     0.965
 Section no. 17 at x=     8.480
 y:     0.000     0.101     0.198     0.291     0.379     0.462     0.537     0.602
 y:     0.660     0.660
 z:     0.523     0.531     0.555     0.591     0.638     0.694     0.760     0.836
 z:     0.918     0.965
 Section no. 18 at x=     9.480
 y:     0.000     0.100     0.194     0.281     0.361     0.432     0.494
 z:     0.654     0.666     0.701     0.750     0.810     0.880     0.965
 Section no. 19 at x=    10.480
 y:     0.000     0.135     0.215     0.286
 z:     0.796     0.836     0.895     0.965
-----------------------------------------------------------------------------------------------------------------------------------
 In the following input data x,y,z are directed forward, port, up

 Example Yacht 1 testfile March 2006                                             
 Intersection forces? no 
 Mass data of total ship:
  Inter-    mass    center of gravity at     inertial averages relative to cog
 Section               x       y       z     yy+zz     xx+zz     xx+yy        xy        yz        xz
    0     28.800   0.000   0.000   0.500     0.640    25.000    30.000     0.000     0.000     0.000

 Section        x          yb          zb        area     breadth  flow sep. in front?
    1      -7.520      -0.000       0.943       0.049       1.303      0
    2      -6.520      -0.000       0.865       0.374       2.107      0
    3      -5.520      -0.000       0.790       0.783       2.505      0
    4      -4.520      -0.000       0.723       1.213       2.788      0
    5      -3.520      -0.000       0.665       1.620       2.997      0
    6      -2.520      -0.000       0.619       1.962       3.144      0
    7      -1.520      -0.000       0.586       2.210       3.231      0
    8      -0.520      -0.000       0.565       2.357       3.265      0
    9       0.480      -0.000       0.554       2.401       3.245      0
   10       1.480      -0.000       0.553       2.344       3.166      0
   11       2.480      -0.000       0.562       2.188       3.013      0
   12       3.480      -0.000       0.581       1.954       2.834      0
   13       4.480      -0.000       0.608       1.657       2.560      0
   14       5.480      -0.000       0.644       1.334       2.342      0
   15       6.480      -0.000       0.686       1.005       2.041      0
   16       7.480      -0.000       0.733       0.692       1.641      0
   17       8.480      -0.000       0.786       0.422       1.319      0
   18       9.480      -0.000       0.841       0.207       0.988      0
   19      10.480      -0.000       0.901       0.061       0.572      0

 Wave steepness, quadr. effects     0.050
 but wave height not exceeding      3.000
 Section  breadth     draft     CD horizontal   CD vertical
      1     1.303     0.051          0.800          0.600
      2     2.107     0.234          0.800          0.600
      3     2.505     0.406          0.800          0.600
      4     2.788     0.561          0.800          0.600
      5     2.997     0.694          0.800          0.600
      6     3.144     0.800          0.800          0.600
      7     3.231     0.878          0.800          0.600
      8     3.265     0.931          0.800          0.600
      9     3.245     0.959          0.800          0.600
     10     3.166     0.964          0.800          0.600
     11     3.013     0.945          0.800          0.600
     12     2.834     0.905          0.800          0.600
     13     2.560     0.844          0.800          0.600
     14     2.342     0.762          0.800          0.600
     15     2.041     0.670          0.800          0.600
     16     1.641     0.562          0.800          0.600
     17     1.319     0.442          0.800          0.600
     18     0.988     0.312          0.800          0.600
     19     0.572     0.169          0.800          0.600
Transverse metacentric height:   1.006
 No fins
 -----------------------------------------------------------------------------------------------------------------------------------

 True wind speed                15.000
 Wind direction rel. to wave    53.130
 Data of sail number                 1         2
 -----------------------------------------------------------------------------------------------------------------------------------
 x of sail force point           5.000     0.000
 y of sail force point          -1.000     0.000
 z of sail force point           3.000     8.000
 x component of chord vector    -3.000    -3.000
 y component of chord vector    -1.000     0.000
 z component of chord vector     0.500     0.000
 x component of mast vector      0.000     0.000
 y component of mast vector     -1.000     0.000
 z component of mast vector      4.000     5.000
 dc_n/dalpha                     4.000     2.000
 Mass coefficient c_m            0.000     0.000
 -----------------------------------------------------------------------------------------------------------------------------------
 No forces depending on ship motions
 -----------------------------------------------------------------------------------------------------------------------------------

 No suspended weight
 -----------------------------------------------------------------------------------------------------------------------------------

 In the following 1,2,3 designate directions forward, to starboard, downward

 Motions and intersection forces in regular waves
 -----------------------------------------------------------------------------------------------------------------------------------

 wave circ. frequency 3.205
 encounter frequency  3.205
 wave length            6.00
 wave number          1.0472
 wave angle            90.0
 speed                 0.00
  wetted transom?     T
  log(determinant)     37.25  11.85
              Real part(1)  Imagin.part(1)    Abs(1)  Real part(2)  Imagin.part(2)    Abs(2)  Real part(3)  Imagin.part(3)    Abs(3)
 Translation        -0.011        0.011        0.015        -0.411       -0.490        0.639         0.507       -0.353        0.618
 Rotation/k          0.504        0.369        0.625        -0.020        0.015        0.025         0.008       -0.005        0.009
 -----------------------------------------------------------------------------------------------------------------------------------

 wave circ. frequency 2.617
 encounter frequency  2.617
 wave length            9.00
 wave number          0.6981
 wave angle            90.0
 speed                 0.00
  wetted transom?     T
  log(determinant)     37.80   9.79
              Real part(1)  Imagin.part(1)    Abs(1)  Real part(2)  Imagin.part(2)    Abs(2)  Real part(3)  Imagin.part(3)    Abs(3)
 Translation        -0.015       -0.015        0.021        -0.409       -0.908        0.996         0.883       -0.330        0.942
 Rotation/k          0.563        0.794        0.974        -0.036       -0.031        0.047         0.015        0.000        0.015
 -----------------------------------------------------------------------------------------------------------------------------------

 wave circ. frequency 2.137
 encounter frequency  2.137
 wave length           13.50
 wave number          0.4654
 wave angle            90.0
 speed                 0.00
  wetted transom?     T
  log(determinant)     37.95   8.29
              Real part(1)  Imagin.part(1)    Abs(1)  Real part(2)  Imagin.part(2)    Abs(2)  Real part(3)  Imagin.part(3)    Abs(3)
 Translation         0.007       -0.018        0.020        -0.189       -1.071        1.087         1.033       -0.170        1.047
 Rotation/k          0.337        1.013        1.068         0.009       -0.050        0.051         0.014        0.005        0.015
 -----------------------------------------------------------------------------------------------------------------------------------

 wave circ. frequency 1.850
 encounter frequency  1.850
 wave length           18.00
 wave number          0.3491
 wave angle            90.0
 speed                 0.00
  wetted transom?     T
  log(determinant)     37.96  10.82
              Real part(1)  Imagin.part(1)    Abs(1)  Real part(2)  Imagin.part(2)    Abs(2)  Real part(3)  Imagin.part(3)    Abs(3)
 Translation         0.013       -0.012        0.017        -0.093       -1.073        1.077         1.048       -0.091        1.052
 Rotation/k          0.210        1.040        1.061         0.027       -0.037        0.046         0.013        0.008        0.015
 -----------------------------------------------------------------------------------------------------------------------------------

 wave circ. frequency 1.603
 encounter frequency  1.603
 wave length           24.00
 wave number          0.2618
 wave angle            90.0
 speed                 0.00
  wetted transom?     T
  log(determinant)     37.84  13.59
              Real part(1)  Imagin.part(1)    Abs(1)  Real part(2)  Imagin.part(2)    Abs(2)  Real part(3)  Imagin.part(3)    Abs(3)
 Translation         0.013       -0.007        0.015        -0.043       -1.060        1.061         1.041       -0.046        1.042
 Rotation/k          0.126        1.041        1.049         0.034       -0.026        0.042         0.011        0.009        0.014
 -----------------------------------------------------------------------------------------------------------------------------------

 wave circ. frequency 1.308
 encounter frequency  1.308
 wave length           36.00
 wave number          0.1745
 wave angle            90.0
 speed                 0.00
  wetted transom?     T
  log(determinant)     37.46  13.26
              Real part(1)  Imagin.part(1)    Abs(1)  Real part(2)  Imagin.part(2)    Abs(2)  Real part(3)  Imagin.part(3)    Abs(3)
 Translation         0.013       -0.003        0.013        -0.009       -1.038        1.038         1.028       -0.018        1.028
 Rotation/k          0.043        1.030        1.031         0.035       -0.015        0.039         0.007        0.010        0.012
